# JRE version: Java(TM) SE Runtime Environment (8.0_131-b11) (build 1.8.0_131-b11)
# Java VM: Java HotSpot(TM) 64-Bit Server VM (25.131-b11 mixed mode bsd-amd64 compressed oops)
Heap:
 PSYoungGen      total 179712K, used 68556K [0x00000007b0000000, 0x00000007c0000000, 0x00000007c0000000)
  eden space 135168K, 17% used [0x00000007b0000000,0x00000007b179ae98,0x00000007b8400000)
  from space 44544K, 99% used [0x00000007b8400000,0x00000007baf58478,0x00000007baf80000)
  to   space 66048K, 0% used [0x00000007bbf80000,0x00000007bbf80000,0x00000007c0000000)
 ParOldGen       total 524288K, used 117292K [0x0000000790000000, 0x00000007b0000000, 0x00000007b0000000)
  object space 524288K, 22% used [0x0000000790000000,0x000000079728b168,0x00000007b0000000)
 Metaspace       used 77888K, capacity 80074K, committed 80384K, reserved 1120256K
  class space    used 8764K, capacity 9358K, committed 9472K, reserved 1048576K
GC Heap History (10 events):
Event: 58.217 GC heap before
{Heap before GC invocations=36 (full 3):
 PSYoungGen      total 206336K, used 206304K [0x00000007b0000000, 0x00000007c0000000, 0x00000007c0000000)
  eden space 165888K, 100% used [0x00000007b0000000,0x00000007ba200000,0x00000007ba200000)
  from space 40448K, 99% used [0x00000007bd880000,0x00000007bfff8070,0x00000007c0000000)
  to   space 48128K, 0% used [0x00000007ba200000,0x00000007ba200000,0x00000007bd100000)
 ParOldGen       total 524288K, used 111223K [0x0000000790000000, 0x00000007b0000000, 0x00000007b0000000)
  object space 524288K, 21% used [0x0000000790000000,0x0000000796c9df98,0x00000007b0000000)
 Metaspace       used 73997K, capacity 75582K, committed 75776K, reserved 1116160K
  class space    used 8217K, capacity 8608K, committed 8704K, reserved 1048576K
Event: 58.263 GC heap after
Heap after GC invocations=36 (full 3):
 PSYoungGen      total 202752K, used 36848K [0x00000007b0000000, 0x00000007c0000000, 0x00000007c0000000)
  eden space 165888K, 0% used [0x00000007b0000000,0x00000007b0000000,0x00000007ba200000)
  from space 36864K, 99% used [0x00000007ba200000,0x00000007bc5fc060,0x00000007bc600000)
  to   space 51200K, 0% used [0x00000007bce00000,0x00000007bce00000,0x00000007c0000000)
 ParOldGen       total 524288K, used 117268K [0x0000000790000000, 0x00000007b0000000, 0x00000007b0000000)
  object space 524288K, 22% used [0x0000000790000000,0x0000000797285168,0x00000007b0000000)
 Metaspace       used 73997K, capacity 75582K, committed 75776K, reserved 1116160K
  class space    used 8217K, capacity 8608K, committed 8704K, reserved 1048576K
}
Event: 60.065 GC heap before
{Heap before GC invocations=37 (full 3):
 PSYoungGen      total 202752K, used 202736K [0x00000007b0000000, 0x00000007c0000000, 0x00000007c0000000)
  eden space 165888K, 100% used [0x00000007b0000000,0x00000007ba200000,0x00000007ba200000)
  from space 36864K, 99% used [0x00000007ba200000,0x00000007bc5fc060,0x00000007bc600000)
  to   space 51200K, 0% used [0x00000007bce00000,0x00000007bce00000,0x00000007c0000000)
 ParOldGen       total 524288K, used 117268K [0x0000000790000000, 0x00000007b0000000, 0x00000007b0000000)
  object space 524288K, 22% used [0x0000000790000000,0x0000000797285168,0x00000007b0000000)
 Metaspace       used 75549K, capacity 77178K, committed 77312K, reserved 1118208K
  class space    used 8452K, capacity 8926K, committed 8960K, reserved 1048576K
Event: 60.109 GC heap after
Heap after GC invocations=37 (full 3):
 PSYoungGen      total 201728K, used 41146K [0x00000007b0000000, 0x00000007c0000000, 0x00000007c0000000)
  eden space 150528K, 0% used [0x00000007b0000000,0x00000007b0000000,0x00000007b9300000)
  from space 51200K, 80% used [0x00000007bce00000,0x00000007bf62e918,0x00000007c0000000)
  to   space 55808K, 0% used [0x00000007b9300000,0x00000007b9300000,0x00000007bc980000)
 ParOldGen       total 524288K, used 117276K [0x0000000790000000, 0x00000007b0000000, 0x00000007b0000000)
  object space 524288K, 22% used [0x0000000790000000,0x0000000797287168,0x00000007b0000000)
 Metaspace       used 75549K, capacity 77178K, committed 77312K, reserved 1118208K
  class space    used 8452K, capacity 8926K, committed 8960K, reserved 1048576K
}
Event: 61.331 GC heap before
{Heap before GC invocations=38 (full 3):
 PSYoungGen      total 201728K, used 191674K [0x00000007b0000000, 0x00000007c0000000, 0x00000007c0000000)
  eden space 150528K, 100% used [0x00000007b0000000,0x00000007b9300000,0x00000007b9300000)
  from space 51200K, 80% used [0x00000007bce00000,0x00000007bf62e918,0x00000007c0000000)
  to   space 55808K, 0% used [0x00000007b9300000,0x00000007b9300000,0x00000007bc980000)
 ParOldGen       total 524288K, used 117276K [0x0000000790000000, 0x00000007b0000000, 0x00000007b0000000)
  object space 524288K, 22% used [0x0000000790000000,0x0000000797287168,0x00000007b0000000)
 Metaspace       used 77205K, capacity 79116K, committed 79232K, reserved 1120256K
  class space    used 8716K, capacity 9273K, committed 9344K, reserved 1048576K
Event: 61.378 GC heap after
Heap after GC invocations=38 (full 3):
 PSYoungGen      total 195072K, used 44426K [0x00000007b0000000, 0x00000007c0000000, 0x00000007c0000000)
  eden space 150528K, 0% used [0x00000007b0000000,0x00000007b0000000,0x00000007b9300000)
  from space 44544K, 99% used [0x00000007b9300000,0x00000007bbe62b00,0x00000007bbe80000)
  to   space 59904K, 0% used [0x00000007bc580000,0x00000007bc580000,0x00000007c0000000)
 ParOldGen       total 524288K, used 117276K [0x0000000790000000, 0x00000007b0000000, 0x00000007b0000000)
  object space 524288K, 22% used [0x0000000790000000,0x0000000797287168,0x00000007b0000000)
 Metaspace       used 77205K, capacity 79116K, committed 79232K, reserved 1120256K
  class space    used 8716K, capacity 9273K, committed 9344K, reserved 1048576K
}
Event: 94.637 GC heap before
{Heap before GC invocations=39 (full 3):
 PSYoungGen      total 195072K, used 194954K [0x00000007b0000000, 0x00000007c0000000, 0x00000007c0000000)
  eden space 150528K, 100% used [0x00000007b0000000,0x00000007b9300000,0x00000007b9300000)
  from space 44544K, 99% used [0x00000007b9300000,0x00000007bbe62b00,0x00000007bbe80000)
  to   space 59904K, 0% used [0x00000007bc580000,0x00000007bc580000,0x00000007c0000000)
 ParOldGen       total 524288K, used 117276K [0x0000000790000000, 0x00000007b0000000, 0x00000007b0000000)
  object space 524288K, 22% used [0x0000000790000000,0x0000000797287168,0x00000007b0000000)
 Metaspace       used 77722K, capacity 79882K, committed 80128K, reserved 1120256K
  class space    used 8764K, capacity 9358K, committed 9472K, reserved 1048576K
Event: 94.684 GC heap after
Heap after GC invocations=39 (full 3):
 PSYoungGen      total 195072K, used 44017K [0x00000007b0000000, 0x00000007c0000000, 0x00000007c0000000)
  eden space 135168K, 0% used [0x00000007b0000000,0x00000007b0000000,0x00000007b8400000)
  from space 59904K, 73% used [0x00000007bc580000,0x00000007bf07c730,0x00000007c0000000)
  to   space 63488K, 0% used [0x00000007b8400000,0x00000007b8400000,0x00000007bc200000)
 ParOldGen       total 524288K, used 117284K [0x0000000790000000, 0x00000007b0000000, 0x00000007b0000000)
  object space 524288K, 22% used [0x0000000790000000,0x0000000797289168,0x00000007b0000000)
 Metaspace       used 77722K, capacity 79882K, committed 80128K, reserved 1120256K
  class space    used 8764K, capacity 9358K, committed 9472K, reserved 1048576K
}
Event: 116.899 GC heap before
{Heap before GC invocations=40 (full 3):
 PSYoungGen      total 195072K, used 179185K [0x00000007b0000000, 0x00000007c0000000, 0x00000007c0000000)
  eden space 135168K, 100% used [0x00000007b0000000,0x00000007b8400000,0x00000007b8400000)
  from space 59904K, 73% used [0x00000007bc580000,0x00000007bf07c730,0x00000007c0000000)
  to   space 63488K, 0% used [0x00000007b8400000,0x00000007b8400000,0x00000007bc200000)
 ParOldGen       total 524288K, used 117284K [0x0000000790000000, 0x00000007b0000000, 0x00000007b0000000)
  object space 524288K, 22% used [0x0000000790000000,0x0000000797289168,0x00000007b0000000)
 Metaspace       used 77888K, capacity 80074K, committed 80384K, reserved 1120256K
  class space    used 8764K, capacity 9358K, committed 9472K, reserved 1048576K
Event: 116.949 GC heap after
Heap after GC invocations=40 (full 3):
 PSYoungGen      total 179712K, used 44385K [0x00000007b0000000, 0x00000007c0000000, 0x00000007c0000000)
  eden space 135168K, 0% used [0x00000007b0000000,0x00000007b0000000,0x00000007b8400000)
  from space 44544K, 99% used [0x00000007b8400000,0x00000007baf58478,0x00000007baf80000)
  to   space 66048K, 0% used [0x00000007bbf80000,0x00000007bbf80000,0x00000007c0000000)
 ParOldGen       total 524288K, used 117292K [0x0000000790000000, 0x00000007b0000000, 0x00000007b0000000)
  object space 524288K, 22% used [0x0000000790000000,0x000000079728b168,0x00000007b0000000)
 Metaspace       used 77888K, capacity 80074K, committed 80384K, reserved 1120256K
  class space    used 8764K, capacity 9358K, committed 9472K, reserved 1048576K
}

