# JRE version: Java(TM) SE Runtime Environment (8.0_131-b11) (build 1.8.0_131-b11)
# Java VM: Java HotSpot(TM) 64-Bit Server VM (25.131-b11 mixed mode bsd-amd64 compressed oops)
Heap:
 PSYoungGen      total 188928K, used 170509K [0x00000007b0000000, 0x00000007c0000000, 0x00000007c0000000)
  eden space 122880K, 98% used [0x00000007b0000000,0x00000007b7607678,0x00000007b7800000)
  from space 66048K, 75% used [0x00000007bbf80000,0x00000007beffc060,0x00000007c0000000)
  to   space 69632K, 0% used [0x00000007b7800000,0x00000007b7800000,0x00000007bbc00000)
 ParOldGen       total 524288K, used 113862K [0x0000000790000000, 0x00000007b0000000, 0x00000007b0000000)
  object space 524288K, 21% used [0x0000000790000000,0x0000000796f31b90,0x00000007b0000000)
 Metaspace       used 77888K, capacity 80074K, committed 80344K, reserved 1120256K
  class space    used 8767K, capacity 9358K, committed 9472K, reserved 1048576K
GC Heap History (10 events):
Event: 57.877 GC heap before
{Heap before GC invocations=35 (full 3):
 PSYoungGen      total 219136K, used 219120K [0x00000007b0000000, 0x00000007c0000000, 0x00000007c0000000)
  eden space 176128K, 100% used [0x00000007b0000000,0x00000007bac00000,0x00000007bac00000)
  from space 43008K, 99% used [0x00000007bac00000,0x00000007bd5fc060,0x00000007bd600000)
  to   space 43008K, 0% used [0x00000007bd600000,0x00000007bd600000,0x00000007c0000000)
 ParOldGen       total 524288K, used 107702K [0x0000000790000000, 0x00000007b0000000, 0x00000007b0000000)
  object space 524288K, 20% used [0x0000000790000000,0x000000079692d9b0,0x00000007b0000000)
 Metaspace       used 74007K, capacity 75518K, committed 75736K, reserved 1116160K
  class space    used 8218K, capacity 8608K, committed 8704K, reserved 1048576K
Event: 57.934 GC heap after
Heap after GC invocations=35 (full 3):
 PSYoungGen      total 198656K, used 41289K [0x00000007b0000000, 0x00000007c0000000, 0x00000007c0000000)
  eden space 155648K, 0% used [0x00000007b0000000,0x00000007b0000000,0x00000007b9800000)
  from space 43008K, 96% used [0x00000007bd600000,0x00000007bfe52700,0x00000007c0000000)
  to   space 53248K, 0% used [0x00000007b9800000,0x00000007b9800000,0x00000007bcc00000)
 ParOldGen       total 524288K, used 113838K [0x0000000790000000, 0x00000007b0000000, 0x00000007b0000000)
  object space 524288K, 21% used [0x0000000790000000,0x0000000796f2bb90,0x00000007b0000000)
 Metaspace       used 74007K, capacity 75518K, committed 75736K, reserved 1116160K
  class space    used 8218K, capacity 8608K, committed 8704K, reserved 1048576K
}
Event: 61.182 GC heap before
{Heap before GC invocations=36 (full 3):
 PSYoungGen      total 198656K, used 196937K [0x00000007b0000000, 0x00000007c0000000, 0x00000007c0000000)
  eden space 155648K, 100% used [0x00000007b0000000,0x00000007b9800000,0x00000007b9800000)
  from space 43008K, 96% used [0x00000007bd600000,0x00000007bfe52700,0x00000007c0000000)
  to   space 53248K, 0% used [0x00000007b9800000,0x00000007b9800000,0x00000007bcc00000)
 ParOldGen       total 524288K, used 113838K [0x0000000790000000, 0x00000007b0000000, 0x00000007b0000000)
  object space 524288K, 21% used [0x0000000790000000,0x0000000796f2bb90,0x00000007b0000000)
 Metaspace       used 74111K, capacity 75678K, committed 75992K, reserved 1116160K
  class space    used 8232K, capacity 8640K, committed 8704K, reserved 1048576K
Event: 61.227 GC heap after
Heap after GC invocations=36 (full 3):
 PSYoungGen      total 199680K, used 43573K [0x00000007b0000000, 0x00000007c0000000, 0x00000007c0000000)
  eden space 155648K, 0% used [0x00000007b0000000,0x00000007b0000000,0x00000007b9800000)
  from space 44032K, 98% used [0x00000007b9800000,0x00000007bc28d748,0x00000007bc300000)
  to   space 57344K, 0% used [0x00000007bc800000,0x00000007bc800000,0x00000007c0000000)
 ParOldGen       total 524288K, used 113846K [0x0000000790000000, 0x00000007b0000000, 0x00000007b0000000)
  object space 524288K, 21% used [0x0000000790000000,0x0000000796f2db90,0x00000007b0000000)
 Metaspace       used 74111K, capacity 75678K, committed 75992K, reserved 1116160K
  class space    used 8232K, capacity 8640K, committed 8704K, reserved 1048576K
}
Event: 61.957 GC heap before
{Heap before GC invocations=37 (full 3):
 PSYoungGen      total 199680K, used 199221K [0x00000007b0000000, 0x00000007c0000000, 0x00000007c0000000)
  eden space 155648K, 100% used [0x00000007b0000000,0x00000007b9800000,0x00000007b9800000)
  from space 44032K, 98% used [0x00000007b9800000,0x00000007bc28d748,0x00000007bc300000)
  to   space 57344K, 0% used [0x00000007bc800000,0x00000007bc800000,0x00000007c0000000)
 ParOldGen       total 524288K, used 113846K [0x0000000790000000, 0x00000007b0000000, 0x00000007b0000000)
  object space 524288K, 21% used [0x0000000790000000,0x0000000796f2db90,0x00000007b0000000)
 Metaspace       used 76158K, capacity 77850K, committed 78168K, reserved 1118208K
  class space    used 8539K, capacity 9022K, committed 9088K, reserved 1048576K
Event: 62.006 GC heap after
Heap after GC invocations=37 (full 3):
 PSYoungGen      total 195584K, used 46909K [0x00000007b0000000, 0x00000007c0000000, 0x00000007c0000000)
  eden space 138240K, 0% used [0x00000007b0000000,0x00000007b0000000,0x00000007b8700000)
  from space 57344K, 81% used [0x00000007bc800000,0x00000007bf5cf6c8,0x00000007c0000000)
  to   space 61952K, 0% used [0x00000007b8700000,0x00000007b8700000,0x00000007bc380000)
 ParOldGen       total 524288K, used 113846K [0x0000000790000000, 0x00000007b0000000, 0x00000007b0000000)
  object space 524288K, 21% used [0x0000000790000000,0x0000000796f2db90,0x00000007b0000000)
 Metaspace       used 76158K, capacity 77850K, committed 78168K, reserved 1118208K
  class space    used 8539K, capacity 9022K, committed 9088K, reserved 1048576K
}
Event: 75.421 GC heap before
{Heap before GC invocations=38 (full 3):
 PSYoungGen      total 195584K, used 185149K [0x00000007b0000000, 0x00000007c0000000, 0x00000007c0000000)
  eden space 138240K, 100% used [0x00000007b0000000,0x00000007b8700000,0x00000007b8700000)
  from space 57344K, 81% used [0x00000007bc800000,0x00000007bf5cf6c8,0x00000007c0000000)
  to   space 61952K, 0% used [0x00000007b8700000,0x00000007b8700000,0x00000007bc380000)
 ParOldGen       total 524288K, used 113846K [0x0000000790000000, 0x00000007b0000000, 0x00000007b0000000)
  object space 524288K, 21% used [0x0000000790000000,0x0000000796f2db90,0x00000007b0000000)
 Metaspace       used 77625K, capacity 79754K, committed 80088K, reserved 1120256K
  class space    used 8766K, capacity 9358K, committed 9472K, reserved 1048576K
Event: 75.475 GC heap after
Heap after GC invocations=38 (full 3):
 PSYoungGen      total 188416K, used 49745K [0x00000007b0000000, 0x00000007c0000000, 0x00000007c0000000)
  eden space 138240K, 0% used [0x00000007b0000000,0x00000007b0000000,0x00000007b8700000)
  from space 50176K, 99% used [0x00000007b8700000,0x00000007bb794710,0x00000007bb800000)
  to   space 66048K, 0% used [0x00000007bbf80000,0x00000007bbf80000,0x00000007c0000000)
 ParOldGen       total 524288K, used 113854K [0x0000000790000000, 0x00000007b0000000, 0x00000007b0000000)
  object space 524288K, 21% used [0x0000000790000000,0x0000000796f2fb90,0x00000007b0000000)
 Metaspace       used 77625K, capacity 79754K, committed 80088K, reserved 1120256K
  class space    used 8766K, capacity 9358K, committed 9472K, reserved 1048576K
}
Event: 106.031 GC heap before
{Heap before GC invocations=39 (full 3):
 PSYoungGen      total 188416K, used 187985K [0x00000007b0000000, 0x00000007c0000000, 0x00000007c0000000)
  eden space 138240K, 100% used [0x00000007b0000000,0x00000007b8700000,0x00000007b8700000)
  from space 50176K, 99% used [0x00000007b8700000,0x00000007bb794710,0x00000007bb800000)
  to   space 66048K, 0% used [0x00000007bbf80000,0x00000007bbf80000,0x00000007c0000000)
 ParOldGen       total 524288K, used 113854K [0x0000000790000000, 0x00000007b0000000, 0x00000007b0000000)
  object space 524288K, 21% used [0x0000000790000000,0x0000000796f2fb90,0x00000007b0000000)
 Metaspace       used 77882K, capacity 80074K, committed 80344K, reserved 1120256K
  class space    used 8767K, capacity 9358K, committed 9472K, reserved 1048576K
Event: 106.103 GC heap after
Heap after GC invocations=39 (full 3):
 PSYoungGen      total 188928K, used 49648K [0x00000007b0000000, 0x00000007c0000000, 0x00000007c0000000)
  eden space 122880K, 0% used [0x00000007b0000000,0x00000007b0000000,0x00000007b7800000)
  from space 66048K, 75% used [0x00000007bbf80000,0x00000007beffc060,0x00000007c0000000)
  to   space 69632K, 0% used [0x00000007b7800000,0x00000007b7800000,0x00000007bbc00000)
 ParOldGen       total 524288K, used 113862K [0x0000000790000000, 0x00000007b0000000, 0x00000007b0000000)
  object space 524288K, 21% used [0x0000000790000000,0x0000000796f31b90,0x00000007b0000000)
 Metaspace       used 77882K, capacity 80074K, committed 80344K, reserved 1120256K
  class space    used 8767K, capacity 9358K, committed 9472K, reserved 1048576K
}

