# JRE version: Java(TM) SE Runtime Environment (8.0_131-b11) (build 1.8.0_131-b11)
# Java VM: Java HotSpot(TM) 64-Bit Server VM (25.131-b11 mixed mode bsd-amd64 compressed oops)
Heap:
 PSYoungGen      total 185344K, used 75990K [0x00000007b0000000, 0x00000007c0000000, 0x00000007c0000000)
  eden space 143360K, 23% used [0x00000007b0000000,0x00000007b2148d58,0x00000007b8c00000)
  from space 41984K, 99% used [0x00000007b8c00000,0x00000007bb4ecaa8,0x00000007bb500000)
  to   space 61440K, 0% used [0x00000007bc400000,0x00000007bc400000,0x00000007c0000000)
 ParOldGen       total 524288K, used 119841K [0x0000000790000000, 0x00000007b0000000, 0x00000007b0000000)
  object space 524288K, 22% used [0x0000000790000000,0x0000000797508768,0x00000007b0000000)
 Metaspace       used 77806K, capacity 79946K, committed 80128K, reserved 1120256K
  class space    used 8768K, capacity 9358K, committed 9472K, reserved 1048576K
GC Heap History (10 events):
Event: 64.595 GC heap before
{Heap before GC invocations=36 (full 3):
 PSYoungGen      total 199680K, used 199664K [0x00000007b0000000, 0x00000007c0000000, 0x00000007c0000000)
  eden space 161792K, 100% used [0x00000007b0000000,0x00000007b9e00000,0x00000007b9e00000)
  from space 37888K, 99% used [0x00000007bdb00000,0x00000007bfffc060,0x00000007c0000000)
  to   space 50176K, 0% used [0x00000007b9e00000,0x00000007b9e00000,0x00000007bcf00000)
 ParOldGen       total 524288K, used 113661K [0x0000000790000000, 0x00000007b0000000, 0x00000007b0000000)
  object space 524288K, 21% used [0x0000000790000000,0x0000000796eff578,0x00000007b0000000)
 Metaspace       used 73948K, capacity 75454K, committed 75776K, reserved 1116160K
  class space    used 8220K, capacity 8608K, committed 8704K, reserved 1048576K
Event: 64.654 GC heap after
Heap after GC invocations=36 (full 3):
 PSYoungGen      total 196096K, used 34240K [0x00000007b0000000, 0x00000007c0000000, 0x00000007c0000000)
  eden space 161792K, 0% used [0x00000007b0000000,0x00000007b0000000,0x00000007b9e00000)
  from space 34304K, 99% used [0x00000007b9e00000,0x00000007bbf70050,0x00000007bbf80000)
  to   space 51712K, 0% used [0x00000007bcd80000,0x00000007bcd80000,0x00000007c0000000)
 ParOldGen       total 524288K, used 119809K [0x0000000790000000, 0x00000007b0000000, 0x00000007b0000000)
  object space 524288K, 22% used [0x0000000790000000,0x0000000797500768,0x00000007b0000000)
 Metaspace       used 73948K, capacity 75454K, committed 75776K, reserved 1116160K
  class space    used 8220K, capacity 8608K, committed 8704K, reserved 1048576K
}
Event: 66.823 GC heap before
{Heap before GC invocations=37 (full 3):
 PSYoungGen      total 196096K, used 196032K [0x00000007b0000000, 0x00000007c0000000, 0x00000007c0000000)
  eden space 161792K, 100% used [0x00000007b0000000,0x00000007b9e00000,0x00000007b9e00000)
  from space 34304K, 99% used [0x00000007b9e00000,0x00000007bbf70050,0x00000007bbf80000)
  to   space 51712K, 0% used [0x00000007bcd80000,0x00000007bcd80000,0x00000007c0000000)
 ParOldGen       total 524288K, used 119809K [0x0000000790000000, 0x00000007b0000000, 0x00000007b0000000)
  object space 524288K, 22% used [0x0000000790000000,0x0000000797500768,0x00000007b0000000)
 Metaspace       used 75015K, capacity 76660K, committed 76800K, reserved 1118208K
  class space    used 8403K, capacity 8860K, committed 8960K, reserved 1048576K
Event: 66.879 GC heap after
Heap after GC invocations=37 (full 3):
 PSYoungGen      total 205312K, used 37966K [0x00000007b0000000, 0x00000007c0000000, 0x00000007c0000000)
  eden space 153600K, 0% used [0x00000007b0000000,0x00000007b0000000,0x00000007b9600000)
  from space 51712K, 73% used [0x00000007bcd80000,0x00000007bf2939e8,0x00000007c0000000)
  to   space 54272K, 0% used [0x00000007b9600000,0x00000007b9600000,0x00000007bcb00000)
 ParOldGen       total 524288K, used 119817K [0x0000000790000000, 0x00000007b0000000, 0x00000007b0000000)
  object space 524288K, 22% used [0x0000000790000000,0x0000000797502768,0x00000007b0000000)
 Metaspace       used 75015K, capacity 76660K, committed 76800K, reserved 1118208K
  class space    used 8403K, capacity 8860K, committed 8960K, reserved 1048576K
}
Event: 67.993 GC heap before
{Heap before GC invocations=38 (full 3):
 PSYoungGen      total 205312K, used 191566K [0x00000007b0000000, 0x00000007c0000000, 0x00000007c0000000)
  eden space 153600K, 100% used [0x00000007b0000000,0x00000007b9600000,0x00000007b9600000)
  from space 51712K, 73% used [0x00000007bcd80000,0x00000007bf2939e8,0x00000007c0000000)
  to   space 54272K, 0% used [0x00000007b9600000,0x00000007b9600000,0x00000007bcb00000)
 ParOldGen       total 524288K, used 119817K [0x0000000790000000, 0x00000007b0000000, 0x00000007b0000000)
  object space 524288K, 22% used [0x0000000790000000,0x0000000797502768,0x00000007b0000000)
 Metaspace       used 76755K, capacity 78570K, committed 78592K, reserved 1118208K
  class space    used 8658K, capacity 9201K, committed 9216K, reserved 1048576K
Event: 68.037 GC heap after
Heap after GC invocations=38 (full 3):
 PSYoungGen      total 194560K, used 40879K [0x00000007b0000000, 0x00000007c0000000, 0x00000007c0000000)
  eden space 153600K, 0% used [0x00000007b0000000,0x00000007b0000000,0x00000007b9600000)
  from space 40960K, 99% used [0x00000007b9600000,0x00000007bbdebd18,0x00000007bbe00000)
  to   space 57344K, 0% used [0x00000007bc800000,0x00000007bc800000,0x00000007c0000000)
 ParOldGen       total 524288K, used 119825K [0x0000000790000000, 0x00000007b0000000, 0x00000007b0000000)
  object space 524288K, 22% used [0x0000000790000000,0x0000000797504768,0x00000007b0000000)
 Metaspace       used 76755K, capacity 78570K, committed 78592K, reserved 1118208K
  class space    used 8658K, capacity 9201K, committed 9216K, reserved 1048576K
}
Event: 100.473 GC heap before
{Heap before GC invocations=39 (full 3):
 PSYoungGen      total 194560K, used 194479K [0x00000007b0000000, 0x00000007c0000000, 0x00000007c0000000)
  eden space 153600K, 100% used [0x00000007b0000000,0x00000007b9600000,0x00000007b9600000)
  from space 40960K, 99% used [0x00000007b9600000,0x00000007bbdebd18,0x00000007bbe00000)
  to   space 57344K, 0% used [0x00000007bc800000,0x00000007bc800000,0x00000007c0000000)
 ParOldGen       total 524288K, used 119825K [0x0000000790000000, 0x00000007b0000000, 0x00000007b0000000)
  object space 524288K, 22% used [0x0000000790000000,0x0000000797504768,0x00000007b0000000)
 Metaspace       used 77654K, capacity 79818K, committed 80128K, reserved 1120256K
  class space    used 8768K, capacity 9358K, committed 9472K, reserved 1048576K
Event: 100.530 GC heap after
Heap after GC invocations=39 (full 3):
 PSYoungGen      total 200704K, used 41729K [0x00000007b0000000, 0x00000007c0000000, 0x00000007c0000000)
  eden space 143360K, 0% used [0x00000007b0000000,0x00000007b0000000,0x00000007b8c00000)
  from space 57344K, 72% used [0x00000007bc800000,0x00000007bf0c0740,0x00000007c0000000)
  to   space 59392K, 0% used [0x00000007b8c00000,0x00000007b8c00000,0x00000007bc600000)
 ParOldGen       total 524288K, used 119833K [0x0000000790000000, 0x00000007b0000000, 0x00000007b0000000)
  object space 524288K, 22% used [0x0000000790000000,0x0000000797506768,0x00000007b0000000)
 Metaspace       used 77654K, capacity 79818K, committed 80128K, reserved 1120256K
  class space    used 8768K, capacity 9358K, committed 9472K, reserved 1048576K
}
Event: 126.397 GC heap before
{Heap before GC invocations=40 (full 3):
 PSYoungGen      total 200704K, used 185089K [0x00000007b0000000, 0x00000007c0000000, 0x00000007c0000000)
  eden space 143360K, 100% used [0x00000007b0000000,0x00000007b8c00000,0x00000007b8c00000)
  from space 57344K, 72% used [0x00000007bc800000,0x00000007bf0c0740,0x00000007c0000000)
  to   space 59392K, 0% used [0x00000007b8c00000,0x00000007b8c00000,0x00000007bc600000)
 ParOldGen       total 524288K, used 119833K [0x0000000790000000, 0x00000007b0000000, 0x00000007b0000000)
  object space 524288K, 22% used [0x0000000790000000,0x0000000797506768,0x00000007b0000000)
 Metaspace       used 77806K, capacity 79946K, committed 80128K, reserved 1120256K
  class space    used 8768K, capacity 9358K, committed 9472K, reserved 1048576K
Event: 126.448 GC heap after
Heap after GC invocations=40 (full 3):
 PSYoungGen      total 185344K, used 41906K [0x00000007b0000000, 0x00000007c0000000, 0x00000007c0000000)
  eden space 143360K, 0% used [0x00000007b0000000,0x00000007b0000000,0x00000007b8c00000)
  from space 41984K, 99% used [0x00000007b8c00000,0x00000007bb4ecaa8,0x00000007bb500000)
  to   space 61440K, 0% used [0x00000007bc400000,0x00000007bc400000,0x00000007c0000000)
 ParOldGen       total 524288K, used 119841K [0x0000000790000000, 0x00000007b0000000, 0x00000007b0000000)
  object space 524288K, 22% used [0x0000000790000000,0x0000000797508768,0x00000007b0000000)
 Metaspace       used 77806K, capacity 79946K, committed 80128K, reserved 1120256K
  class space    used 8768K, capacity 9358K, committed 9472K, reserved 1048576K
}

