# JRE version: Java(TM) SE Runtime Environment (8.0_131-b11) (build 1.8.0_131-b11)
# Java VM: Java HotSpot(TM) 64-Bit Server VM (25.131-b11 mixed mode bsd-amd64 compressed oops)
Heap:
 PSYoungGen      total 191488K, used 90352K [0x00000007b0000000, 0x00000007c0000000, 0x00000007c0000000)
  eden space 129024K, 33% used [0x00000007b0000000,0x00000007b2a13be0,0x00000007b7e00000)
  from space 62464K, 75% used [0x00000007bc300000,0x00000007bf128740,0x00000007c0000000)
  to   space 66560K, 0% used [0x00000007b7e00000,0x00000007b7e00000,0x00000007bbf00000)
 ParOldGen       total 524288K, used 111421K [0x0000000790000000, 0x00000007b0000000, 0x00000007b0000000)
  object space 524288K, 21% used [0x0000000790000000,0x0000000796ccf4b0,0x00000007b0000000)
 Metaspace       used 77788K, capacity 79968K, committed 80128K, reserved 1120256K
  class space    used 8778K, capacity 9366K, committed 9472K, reserved 1048576K
GC Heap History (10 events):
Event: 56.376 GC heap before
{Heap before GC invocations=35 (full 3):
 PSYoungGen      total 217600K, used 217290K [0x00000007b0000000, 0x00000007c0000000, 0x00000007c0000000)
  eden space 185344K, 100% used [0x00000007b0000000,0x00000007bb500000,0x00000007bb500000)
  from space 32256K, 99% used [0x00000007bb500000,0x00000007bd432a00,0x00000007bd480000)
  to   space 41984K, 0% used [0x00000007bd700000,0x00000007bd700000,0x00000007c0000000)
 ParOldGen       total 524288K, used 111381K [0x0000000790000000, 0x00000007b0000000, 0x00000007b0000000)
  object space 524288K, 21% used [0x0000000790000000,0x0000000796cc54b0,0x00000007b0000000)
 Metaspace       used 73975K, capacity 75514K, committed 75776K, reserved 1116160K
  class space    used 8215K, capacity 8608K, committed 8704K, reserved 1048576K
Event: 56.418 GC heap after
Heap after GC invocations=35 (full 3):
 PSYoungGen      total 209920K, used 38625K [0x00000007b0000000, 0x00000007c0000000, 0x00000007c0000000)
  eden space 167936K, 0% used [0x00000007b0000000,0x00000007b0000000,0x00000007ba400000)
  from space 41984K, 91% used [0x00000007bd700000,0x00000007bfcb8428,0x00000007c0000000)
  to   space 47104K, 0% used [0x00000007ba400000,0x00000007ba400000,0x00000007bd200000)
 ParOldGen       total 524288K, used 111389K [0x0000000790000000, 0x00000007b0000000, 0x00000007b0000000)
  object space 524288K, 21% used [0x0000000790000000,0x0000000796cc74b0,0x00000007b0000000)
 Metaspace       used 73975K, capacity 75514K, committed 75776K, reserved 1116160K
  class space    used 8215K, capacity 8608K, committed 8704K, reserved 1048576K
}
Event: 59.720 GC heap before
{Heap before GC invocations=36 (full 3):
 PSYoungGen      total 209920K, used 206561K [0x00000007b0000000, 0x00000007c0000000, 0x00000007c0000000)
  eden space 167936K, 100% used [0x00000007b0000000,0x00000007ba400000,0x00000007ba400000)
  from space 41984K, 91% used [0x00000007bd700000,0x00000007bfcb8428,0x00000007c0000000)
  to   space 47104K, 0% used [0x00000007ba400000,0x00000007ba400000,0x00000007bd200000)
 ParOldGen       total 524288K, used 111389K [0x0000000790000000, 0x00000007b0000000, 0x00000007b0000000)
  object space 524288K, 21% used [0x0000000790000000,0x0000000796cc74b0,0x00000007b0000000)
 Metaspace       used 73978K, capacity 75514K, committed 75776K, reserved 1116160K
  class space    used 8216K, capacity 8608K, committed 8704K, reserved 1048576K
Event: 59.763 GC heap after
Heap after GC invocations=36 (full 3):
 PSYoungGen      total 208384K, used 40256K [0x00000007b0000000, 0x00000007c0000000, 0x00000007c0000000)
  eden space 167936K, 0% used [0x00000007b0000000,0x00000007b0000000,0x00000007ba400000)
  from space 40448K, 99% used [0x00000007ba400000,0x00000007bcb50070,0x00000007bcb80000)
  to   space 52224K, 0% used [0x00000007bcd00000,0x00000007bcd00000,0x00000007c0000000)
 ParOldGen       total 524288K, used 111397K [0x0000000790000000, 0x00000007b0000000, 0x00000007b0000000)
  object space 524288K, 21% used [0x0000000790000000,0x0000000796cc94b0,0x00000007b0000000)
 Metaspace       used 73978K, capacity 75514K, committed 75776K, reserved 1116160K
  class space    used 8216K, capacity 8608K, committed 8704K, reserved 1048576K
}
Event: 61.375 GC heap before
{Heap before GC invocations=37 (full 3):
 PSYoungGen      total 208384K, used 208192K [0x00000007b0000000, 0x00000007c0000000, 0x00000007c0000000)
  eden space 167936K, 100% used [0x00000007b0000000,0x00000007ba400000,0x00000007ba400000)
  from space 40448K, 99% used [0x00000007ba400000,0x00000007bcb50070,0x00000007bcb80000)
  to   space 52224K, 0% used [0x00000007bcd00000,0x00000007bcd00000,0x00000007c0000000)
 ParOldGen       total 524288K, used 111397K [0x0000000790000000, 0x00000007b0000000, 0x00000007b0000000)
  object space 524288K, 21% used [0x0000000790000000,0x0000000796cc94b0,0x00000007b0000000)
 Metaspace       used 75588K, capacity 77238K, committed 77312K, reserved 1118208K
  class space    used 8458K, capacity 8926K, committed 8960K, reserved 1048576K
Event: 61.420 GC heap after
Heap after GC invocations=37 (full 3):
 PSYoungGen      total 199680K, used 44135K [0x00000007b0000000, 0x00000007c0000000, 0x00000007c0000000)
  eden space 147456K, 0% used [0x00000007b0000000,0x00000007b0000000,0x00000007b9000000)
  from space 52224K, 84% used [0x00000007bcd00000,0x00000007bf819d60,0x00000007c0000000)
  to   space 57344K, 0% used [0x00000007b9000000,0x00000007b9000000,0x00000007bc800000)
 ParOldGen       total 524288K, used 111405K [0x0000000790000000, 0x00000007b0000000, 0x00000007b0000000)
  object space 524288K, 21% used [0x0000000790000000,0x0000000796ccb4b0,0x00000007b0000000)
 Metaspace       used 75588K, capacity 77238K, committed 77312K, reserved 1118208K
  class space    used 8458K, capacity 8926K, committed 8960K, reserved 1048576K
}
Event: 63.069 GC heap before
{Heap before GC invocations=38 (full 3):
 PSYoungGen      total 199680K, used 191591K [0x00000007b0000000, 0x00000007c0000000, 0x00000007c0000000)
  eden space 147456K, 100% used [0x00000007b0000000,0x00000007b9000000,0x00000007b9000000)
  from space 52224K, 84% used [0x00000007bcd00000,0x00000007bf819d60,0x00000007c0000000)
  to   space 57344K, 0% used [0x00000007b9000000,0x00000007b9000000,0x00000007bc800000)
 ParOldGen       total 524288K, used 111405K [0x0000000790000000, 0x00000007b0000000, 0x00000007b0000000)
  object space 524288K, 21% used [0x0000000790000000,0x0000000796ccb4b0,0x00000007b0000000)
 Metaspace       used 77264K, capacity 79204K, committed 79488K, reserved 1120256K
  class space    used 8727K, capacity 9291K, committed 9344K, reserved 1048576K
Event: 63.119 GC heap after
Heap after GC invocations=38 (full 3):
 PSYoungGen      total 195072K, used 47560K [0x00000007b0000000, 0x00000007c0000000, 0x00000007c0000000)
  eden space 147456K, 0% used [0x00000007b0000000,0x00000007b0000000,0x00000007b9000000)
  from space 47616K, 99% used [0x00000007b9000000,0x00000007bbe723e0,0x00000007bbe80000)
  to   space 62464K, 0% used [0x00000007bc300000,0x00000007bc300000,0x00000007c0000000)
 ParOldGen       total 524288K, used 111413K [0x0000000790000000, 0x00000007b0000000, 0x00000007b0000000)
  object space 524288K, 21% used [0x0000000790000000,0x0000000796ccd4b0,0x00000007b0000000)
 Metaspace       used 77264K, capacity 79204K, committed 79488K, reserved 1120256K
  class space    used 8727K, capacity 9291K, committed 9344K, reserved 1048576K
}
Event: 92.721 GC heap before
{Heap before GC invocations=39 (full 3):
 PSYoungGen      total 195072K, used 195016K [0x00000007b0000000, 0x00000007c0000000, 0x00000007c0000000)
  eden space 147456K, 100% used [0x00000007b0000000,0x00000007b9000000,0x00000007b9000000)
  from space 47616K, 99% used [0x00000007b9000000,0x00000007bbe723e0,0x00000007bbe80000)
  to   space 62464K, 0% used [0x00000007bc300000,0x00000007bc300000,0x00000007c0000000)
 ParOldGen       total 524288K, used 111413K [0x0000000790000000, 0x00000007b0000000, 0x00000007b0000000)
  object space 524288K, 21% used [0x0000000790000000,0x0000000796ccd4b0,0x00000007b0000000)
 Metaspace       used 77761K, capacity 79898K, committed 80128K, reserved 1120256K
  class space    used 8777K, capacity 9365K, committed 9472K, reserved 1048576K
Event: 92.770 GC heap after
Heap after GC invocations=39 (full 3):
 PSYoungGen      total 191488K, used 47265K [0x00000007b0000000, 0x00000007c0000000, 0x00000007c0000000)
  eden space 129024K, 0% used [0x00000007b0000000,0x00000007b0000000,0x00000007b7e00000)
  from space 62464K, 75% used [0x00000007bc300000,0x00000007bf128740,0x00000007c0000000)
  to   space 66560K, 0% used [0x00000007b7e00000,0x00000007b7e00000,0x00000007bbf00000)
 ParOldGen       total 524288K, used 111421K [0x0000000790000000, 0x00000007b0000000, 0x00000007b0000000)
  object space 524288K, 21% used [0x0000000790000000,0x0000000796ccf4b0,0x00000007b0000000)
 Metaspace       used 77761K, capacity 79898K, committed 80128K, reserved 1120256K
  class space    used 8777K, capacity 9365K, committed 9472K, reserved 1048576K
}

